fBReader/build/outputs/logs/manifest-merger-debug-report.txt
-- Merging decision tree log ---
manifest
ADDED from src\main\AndroidManifest.xml:2:1-711:12
	xmlns:android
		ADDED from src\main\AndroidManifest.xml:3:11-69
	package
		ADDED from src\main\AndroidManifest.xml:2:11-57
		INJECTED from src\main\AndroidManifest.xml
		INJECTED from src\main\AndroidManifest.xml
	android:versionName
		ADDED from src\main\AndroidManifest.xml:6:11-39
	android:versionCode
		ADDED from src\main\AndroidManifest.xml:5:11-40
		INJECTED from src\main\AndroidManifest.xml
		INJECTED from src\main\AndroidManifest.xml
	android:installLocation
		ADDED from src\main\AndroidManifest.xml:4:11-41
supports-screens
ADDED from src\main\AndroidManifest.xml:8:5-13:39
	android:largeScreens
		ADDED from src\main\AndroidManifest.xml:10:9-36
	android:anyDensity
		ADDED from src\main\AndroidManifest.xml:9:9-34
	android:normalScreens
		ADDED from src\main\AndroidManifest.xml:11:9-37
	android:xlargeScreens
		ADDED from src\main\AndroidManifest.xml:13:9-37
	android:smallScreens
		ADDED from src\main\AndroidManifest.xml:12:9-36
uses-permission#android.permission.INTERNET
ADDED from src\main\AndroidManifest.xml:15:5-66
	android:name
		ADDED from src\main\AndroidManifest.xml:15:22-64
uses-permission#android.permission.WAKE_LOCK
ADDED from src\main\AndroidManifest.xml:16:5-67
	android:name
		ADDED from src\main\AndroidManifest.xml:16:22-65
uses-permission#android.permission.READ_EXTERNAL_STORAGE
ADDED from src\main\AndroidManifest.xml:17:5-79
	android:name
		ADDED from src\main\AndroidManifest.xml:17:22-77
uses-permission#android.permission.WRITE_EXTERNAL_STORAGE
ADDED from src\main\AndroidManifest.xml:18:5-80
	android:name
		ADDED from src\main\AndroidManifest.xml:18:22-78
uses-permission#android.permission.ACCESS_NETWORK_STATE
ADDED from src\main\AndroidManifest.xml:19:5-78
	android:name
		ADDED from src\main\AndroidManifest.xml:19:22-76
application
ADDED from src\main\AndroidManifest.xml:22:5-709:19
MERGED from [org.xutils:xutils:3.3.34] AndroidManifest.xml:12:5-20
MERGED from [com.android.support:appcompat-v7:23.3.0] AndroidManifest.xml:25:5-20
MERGED from [com.android.support:support-vector-drawable:23.3.0] AndroidManifest.xml:7:5-20
MERGED from [com.android.support:support-v4:23.3.0] AndroidManifest.xml:22:5-20
MERGED from [com.android.support:animated-vector-drawable:23.3.0] AndroidManifest.xml:7:5-20
MERGED from [com.android.support:support-vector-drawable:23.3.0] AndroidManifest.xml:7:5-20
MERGED from [com.android.support:support-v4:23.3.0] AndroidManifest.xml:22:5-20
MERGED from [com.android.support:support-v4:23.3.0] AndroidManifest.xml:22:5-20
MERGED from [com.android.support:support-v4:23.3.0] AndroidManifest.xml:22:5-20
MERGED from [com.android.support:support-v4:23.3.0] AndroidManifest.xml:22:5-20
MERGED from [com.android.support:support-v4:23.3.0] AndroidManifest.xml:22:5-20
MERGED from [FBReaderJ-1:superToasts:unspecified] AndroidManifest.xml:11:5-20
MERGED from [FBReaderJ-1:ambilWarna:unspecified] AndroidManifest.xml:11:5-12:19
MERGED from [com.android.support:design:23.0.0] AndroidManifest.xml:22:5-20
MERGED from [com.android.support:appcompat-v7:23.3.0] AndroidManifest.xml:25:5-20
MERGED from [com.android.support:support-vector-drawable:23.3.0] AndroidManifest.xml:7:5-20
MERGED from [com.android.support:support-v4:23.3.0] AndroidManifest.xml:22:5-20
MERGED from [com.android.support:animated-vector-drawable:23.3.0] AndroidManifest.xml:7:5-20
MERGED from [com.android.support:support-vector-drawable:23.3.0] AndroidManifest.xml:7:5-20
MERGED from [com.android.support:support-v4:23.3.0] AndroidManifest.xml:22:5-20
MERGED from [com.android.support:support-v4:23.3.0] AndroidManifest.xml:22:5-20
MERGED from [com.android.support:support-v4:23.3.0] AndroidManifest.xml:22:5-20
MERGED from [com.android.support:cardview-v7:23.0.0] AndroidManifest.xml:22:5-20
MERGED from [com.android.support:palette-v7:23.0.0] AndroidManifest.xml:22:5-23:19
MERGED from [com.android.support:support-v4:23.3.0] AndroidManifest.xml:22:5-20
MERGED from [FBReaderJ-1:refresh:unspecified] AndroidManifest.xml:11:5-20
	android:label
		ADDED from src\main\AndroidManifest.xml:25:9-41
	android:icon
		ADDED from src\main\AndroidManifest.xml:24:9-42
	android:theme
		ADDED from src\main\AndroidManifest.xml:27:9-40
	android:name
		ADDED from src\main\AndroidManifest.xml:23:9-48
	android:logo
		ADDED from src\main\AndroidManifest.xml:26:9-45
activity#mydemo.MainActivity
ADDED from src\main\AndroidManifest.xml:28:9-39:20
	android:label
		ADDED from src\main\AndroidManifest.xml:31:13-45
	android:icon
		ADDED from src\main\AndroidManifest.xml:30:13-46
	android:theme
		ADDED from src\main\AndroidManifest.xml:33:13-44
	android:name
		ADDED from src\main\AndroidManifest.xml:29:13-47
	android:launchMode
		ADDED from src\main\AndroidManifest.xml:32:13-44
intent-filter#android.intent.action.MAIN+android.intent.category.LAUNCHER
ADDED from src\main\AndroidManifest.xml:34:13-38:29
action#android.intent.action.MAIN
ADDED from src\main\AndroidManifest.xml:35:17-68
	android:name
		ADDED from src\main\AndroidManifest.xml:35:25-66
category#android.intent.category.LAUNCHER
ADDED from src\main\AndroidManifest.xml:37:17-76
	android:name
		ADDED from src\main\AndroidManifest.xml:37:27-74
activity#testscroll.Main1Activity
ADDED from src\main\AndroidManifest.xml:40:9-42:46
	android:theme
		ADDED from src\main\AndroidManifest.xml:42:13-44
	android:name
		ADDED from src\main\AndroidManifest.xml:41:13-52
activity#testscroll.activity.FileActivity
ADDED from src\main\AndroidManifest.xml:43:9-45:46
	android:theme
		ADDED from src\main\AndroidManifest.xml:45:13-44
	android:name
		ADDED from src\main\AndroidManifest.xml:44:13-60
activity#org.geometerplus.android.fbreader.error.BookReadingErrorActivity
ADDED from src\main\AndroidManifest.xml:46:9-58:20
	android:configChanges
		ADDED from src\main\AndroidManifest.xml:48:13-74
	android:theme
		ADDED from src\main\AndroidManifest.xml:50:13-51
	android:process
		ADDED from src\main\AndroidManifest.xml:49:13-37
	android:name
		ADDED from src\main\AndroidManifest.xml:47:13-92
intent-filter#android.fbreader.action.ERROR+android.intent.category.DEFAULT
ADDED from src\main\AndroidManifest.xml:51:13-57:29
action#android.fbreader.action.ERROR
ADDED from src\main\AndroidManifest.xml:52:17-71
	android:name
		ADDED from src\main\AndroidManifest.xml:52:25-69
category#android.intent.category.DEFAULT
ADDED from src\main\AndroidManifest.xml:54:17-75
	android:name
		ADDED from src\main\AndroidManifest.xml:54:27-73
data
ADDED from src\main\AndroidManifest.xml:56:17-62
	android:scheme
		ADDED from src\main\AndroidManifest.xml:56:23-60
activity#org.geometerplus.zlibrary.ui.android.error.BugReportActivity
ADDED from src\main\AndroidManifest.xml:59:9-65:55
	android:label
		ADDED from src\main\AndroidManifest.xml:63:13-43
	android:configChanges
		ADDED from src\main\AndroidManifest.xml:61:13-74
	android:theme
		ADDED from src\main\AndroidManifest.xml:65:13-53
	android:process
		ADDED from src\main\AndroidManifest.xml:64:13-37
	android:exported
		ADDED from src\main\AndroidManifest.xml:62:13-37
	android:name
		ADDED from src\main\AndroidManifest.xml:60:13-52
activity#org.geometerplus.android.fbreader.crash.FixBooksDirectoryActivity
ADDED from src\main\AndroidManifest.xml:66:9-79:20
	android:configChanges
		ADDED from src\main\AndroidManifest.xml:68:13-74
	android:theme
		ADDED from src\main\AndroidManifest.xml:71:13-51
	android:process
		ADDED from src\main\AndroidManifest.xml:70:13-37
	android:exported
		ADDED from src\main\AndroidManifest.xml:69:13-37
	android:name
		ADDED from src\main\AndroidManifest.xml:67:13-93
intent-filter#android.fbreader.action.CRASH+android.intent.category.DEFAULT
ADDED from src\main\AndroidManifest.xml:72:13-78:29
action#android.fbreader.action.CRASH
ADDED from src\main\AndroidManifest.xml:73:17-71
	android:name
		ADDED from src\main\AndroidManifest.xml:73:25-69
activity#org.geometerplus.android.fbreader.crash.MissingNativeLibraryActivity
ADDED from src\main\AndroidManifest.xml:80:9-100:20
	android:configChanges
		ADDED from src\main\AndroidManifest.xml:82:13-74
	android:theme
		ADDED from src\main\AndroidManifest.xml:85:13-51
	android:process
		ADDED from src\main\AndroidManifest.xml:84:13-37
	android:exported
		ADDED from src\main\AndroidManifest.xml:83:13-37
	android:name
		ADDED from src\main\AndroidManifest.xml:81:13-96
service#org.geometerplus.android.fbreader.api.ApiService
ADDED from src\main\AndroidManifest.xml:102:9-110:19
	android:name
		ADDED from src\main\AndroidManifest.xml:103:13-76
	android:launchMode
		ADDED from src\main\AndroidManifest.xml:104:13-44
intent-filter#android.fbreader.action.API+android.intent.category.DEFAULT
ADDED from src\main\AndroidManifest.xml:105:13-109:29
action#android.fbreader.action.API
ADDED from src\main\AndroidManifest.xml:106:17-69
	android:name
		ADDED from src\main\AndroidManifest.xml:106:25-67
activity#org.geometerplus.android.fbreader.FBReader
ADDED from src\main\AndroidManifest.xml:112:9-243:20
	android:label
		ADDED from src\main\AndroidManifest.xml:116:13-45
	android:icon
		ADDED from src\main\AndroidManifest.xml:115:13-46
	android:configChanges
		ADDED from src\main\AndroidManifest.xml:114:13-74
	android:theme
		ADDED from src\main\AndroidManifest.xml:118:13-53
	android:name
		ADDED from src\main\AndroidManifest.xml:113:13-70
	android:launchMode
		ADDED from src\main\AndroidManifest.xml:117:13-44
intent-filter#android.fbreader.action.VIEW+android.intent.category.DEFAULT
ADDED from src\main\AndroidManifest.xml:127:13-131:29
action#android.fbreader.action.VIEW
ADDED from src\main\AndroidManifest.xml:128:17-70
	android:name
		ADDED from src\main\AndroidManifest.xml:128:25-68
intent-filter#android.intent.action.VIEW+android.intent.category.DEFAULT
ADDED from src\main\AndroidManifest.xml:139:13-145:29
action#android.intent.action.VIEW
ADDED from src\main\AndroidManifest.xml:140:17-68
	android:name
		ADDED from src\main\AndroidManifest.xml:140:25-66
intent-filter#android.fbreader.action.PLUGIN+android.intent.category.DEFAULT
ADDED from src\main\AndroidManifest.xml:146:13-150:29
action#android.fbreader.action.PLUGIN
ADDED from src\main\AndroidManifest.xml:147:17-72
	android:name
		ADDED from src\main\AndroidManifest.xml:147:25-70
intent-filter#android.intent.action.VIEW+android.intent.category.BROWSABLE+android.intent.category.DEFAULT
ADDED from src\main\AndroidManifest.xml:201:13-224:29
category#android.intent.category.BROWSABLE
ADDED from src\main\AndroidManifest.xml:205:17-77
	android:name
		ADDED from src\main\AndroidManifest.xml:205:27-75
intent-filter#android.intent.action.SEARCH
ADDED from src\main\AndroidManifest.xml:225:13-227:29
action#android.intent.action.SEARCH
ADDED from src\main\AndroidManifest.xml:226:17-70
	android:name
		ADDED from src\main\AndroidManifest.xml:226:25-68
meta-data#android.app.searchable
ADDED from src\main\AndroidManifest.xml:229:13-231:53
	android:resource
		ADDED from src\main\AndroidManifest.xml:231:17-51
	android:name
		ADDED from src\main\AndroidManifest.xml:230:17-54
intent-filter#android.fbreader.action.CLOSE+android.intent.category.DEFAULT
ADDED from src\main\AndroidManifest.xml:233:13-237:29
action#android.fbreader.action.CLOSE
ADDED from src\main\AndroidManifest.xml:234:17-71
	android:name
		ADDED from src\main\AndroidManifest.xml:234:25-69
intent-filter#android.fbreader.action.PLUGIN_CRASH+android.intent.category.DEFAULT
ADDED from src\main\AndroidManifest.xml:238:13-242:29
action#android.fbreader.action.PLUGIN_CRASH
ADDED from src\main\AndroidManifest.xml:239:17-78
	android:name
		ADDED from src\main\AndroidManifest.xml:239:25-76
activity#org.geometerplus.android.fbreader.dict.DictionaryNotInstalledActivity
ADDED from src\main\AndroidManifest.xml:244:9-248:53
	android:configChanges
		ADDED from src\main\AndroidManifest.xml:246:13-74
	android:theme
		ADDED from src\main\AndroidManifest.xml:248:13-51
	android:exported
		ADDED from src\main\AndroidManifest.xml:247:13-37
	android:name
		ADDED from src\main\AndroidManifest.xml:245:13-97
activity#org.geometerplus.android.fbreader.CancelActivity
ADDED from src\main\AndroidManifest.xml:249:9-258:20
	android:configChanges
		ADDED from src\main\AndroidManifest.xml:251:13-74
	android:theme
		ADDED from src\main\AndroidManifest.xml:252:13-51
	android:name
		ADDED from src\main\AndroidManifest.xml:250:13-76
intent-filter#android.fbreader.action.CANCEL_MENU+android.intent.category.DEFAULT
ADDED from src\main\AndroidManifest.xml:253:13-257:29
action#android.fbreader.action.CANCEL_MENU
ADDED from src\main\AndroidManifest.xml:254:17-77
	android:name
		ADDED from src\main\AndroidManifest.xml:254:25-75
activity#org.geometerplus.android.fbreader.PluginListActivity
ADDED from src\main\AndroidManifest.xml:259:9-262:53
	android:configChanges
		ADDED from src\main\AndroidManifest.xml:261:13-74
	android:theme
		ADDED from src\main\AndroidManifest.xml:262:13-51
	android:name
		ADDED from src\main\AndroidManifest.xml:260:13-80
activity#org.geometerplus.android.fbreader.bookmark.BookmarksActivity
ADDED from src\main\AndroidManifest.xml:263:9-282:20
	android:configChanges
		ADDED from src\main\AndroidManifest.xml:265:13-74
	android:theme
		ADDED from src\main\AndroidManifest.xml:268:13-65
	android:process
		ADDED from src\main\AndroidManifest.xml:267:13-41
	android:name
		ADDED from src\main\AndroidManifest.xml:264:13-88
	android:launchMode
		ADDED from src\main\AndroidManifest.xml:266:13-44
intent-filter#android.fbreader.action.BOOKMARKS+android.intent.category.DEFAULT
ADDED from src\main\AndroidManifest.xml:277:13-281:29
action#android.fbreader.action.BOOKMARKS
ADDED from src\main\AndroidManifest.xml:278:17-75
	android:name
		ADDED from src\main\AndroidManifest.xml:278:25-73
activity#org.geometerplus.android.fbreader.bookmark.EditBookmarkActivity
ADDED from src\main\AndroidManifest.xml:283:9-292:20
	android:configChanges
		ADDED from src\main\AndroidManifest.xml:285:13-74
	android:theme
		ADDED from src\main\AndroidManifest.xml:286:13-51
	android:name
		ADDED from src\main\AndroidManifest.xml:284:13-91
intent-filter#android.fbreader.action.EDIT_BOOKMARK+android.intent.category.DEFAULT
ADDED from src\main\AndroidManifest.xml:287:13-291:29
action#android.fbreader.action.EDIT_BOOKMARK
ADDED from src\main\AndroidManifest.xml:288:17-79
	android:name
		ADDED from src\main\AndroidManifest.xml:288:25-77
activity#org.geometerplus.android.fbreader.bookmark.EditStyleActivity
ADDED from src\main\AndroidManifest.xml:293:9-302:20
	android:configChanges
		ADDED from src\main\AndroidManifest.xml:295:13-74
	android:theme
		ADDED from src\main\AndroidManifest.xml:296:13-51
	android:name
		ADDED from src\main\AndroidManifest.xml:294:13-88
intent-filter#android.fbreader.action.EDIT_STYLES+android.intent.category.DEFAULT
ADDED from src\main\AndroidManifest.xml:297:13-301:29
action#android.fbreader.action.EDIT_STYLES
ADDED from src\main\AndroidManifest.xml:298:17-77
	android:name
		ADDED from src\main\AndroidManifest.xml:298:25-75
activity#org.geometerplus.android.fbreader.image.ImageViewActivity
ADDED from src\main\AndroidManifest.xml:303:9-307:55
	android:configChanges
		ADDED from src\main\AndroidManifest.xml:305:13-74
	android:theme
		ADDED from src\main\AndroidManifest.xml:307:13-53
	android:process
		ADDED from src\main\AndroidManifest.xml:306:13-41
	android:name
		ADDED from src\main\AndroidManifest.xml:304:13-85
service#org.geometerplus.android.fbreader.libraryService.LibraryService
ADDED from src\main\AndroidManifest.xml:309:9-316:19
	android:process
		ADDED from src\main\AndroidManifest.xml:312:13-46
	android:name
		ADDED from src\main\AndroidManifest.xml:310:13-91
	android:launchMode
		ADDED from src\main\AndroidManifest.xml:311:13-44
intent-filter#android.fbreader.action.LIBRARY_SERVICE
ADDED from src\main\AndroidManifest.xml:313:13-315:29
action#android.fbreader.action.LIBRARY_SERVICE
ADDED from src\main\AndroidManifest.xml:314:17-81
	android:name
		ADDED from src\main\AndroidManifest.xml:314:25-79
service#org.geometerplus.android.fbreader.config.ConfigService
ADDED from src\main\AndroidManifest.xml:317:9-324:19
	android:process
		ADDED from src\main\AndroidManifest.xml:320:13-45
	android:name
		ADDED from src\main\AndroidManifest.xml:318:13-82
	android:launchMode
		ADDED from src\main\AndroidManifest.xml:319:13-44
intent-filter#android.fbreader.action.CONFIG_SERVICE
ADDED from src\main\AndroidManifest.xml:321:13-323:29
action#android.fbreader.action.CONFIG_SERVICE
ADDED from src\main\AndroidManifest.xml:322:17-80
	android:name
		ADDED from src\main\AndroidManifest.xml:322:25-78
service#org.geometerplus.android.fbreader.sync.SyncService
ADDED from src\main\AndroidManifest.xml:325:9-335:19
	android:process
		ADDED from src\main\AndroidManifest.xml:328:13-44
	android:name
		ADDED from src\main\AndroidManifest.xml:326:13-78
	android:launchMode
		ADDED from src\main\AndroidManifest.xml:327:13-44
intent-filter#android.fbreader.action.sync.START
ADDED from src\main\AndroidManifest.xml:329:13-331:29
action#android.fbreader.action.sync.START
ADDED from src\main\AndroidManifest.xml:330:17-76
	android:name
		ADDED from src\main\AndroidManifest.xml:330:25-74
intent-filter#android.fbreader.action.sync.QUICK_SYNC
ADDED from src\main\AndroidManifest.xml:332:13-334:29
action#android.fbreader.action.sync.QUICK_SYNC
ADDED from src\main\AndroidManifest.xml:333:17-81
	android:name
		ADDED from src\main\AndroidManifest.xml:333:25-79
activity#org.geometerplus.android.fbreader.library.BookInfoActivity
ADDED from src\main\AndroidManifest.xml:337:9-347:20
	android:configChanges
		ADDED from src\main\AndroidManifest.xml:339:13-74
	android:theme
		ADDED from src\main\AndroidManifest.xml:341:13-53
	android:process
		ADDED from src\main\AndroidManifest.xml:340:13-39
	android:name
		ADDED from src\main\AndroidManifest.xml:338:13-86
intent-filter#android.fbreader.action.BOOK_INFO+android.intent.category.DEFAULT
ADDED from src\main\AndroidManifest.xml:342:13-346:29
action#android.fbreader.action.BOOK_INFO
ADDED from src\main\AndroidManifest.xml:343:17-75
	android:name
		ADDED from src\main\AndroidManifest.xml:343:25-73
activity#org.geometerplus.android.fbreader.library.LibrarySearchActivity
ADDED from src\main\AndroidManifest.xml:348:9-359:20
	android:theme
		ADDED from src\main\AndroidManifest.xml:351:13-59
	android:process
		ADDED from src\main\AndroidManifest.xml:350:13-39
	android:name
		ADDED from src\main\AndroidManifest.xml:349:13-91
activity#org.geometerplus.android.fbreader.library.LibraryActivity
ADDED from src\main\AndroidManifest.xml:360:9-375:20
	android:configChanges
		ADDED from src\main\AndroidManifest.xml:362:13-74
	android:theme
		ADDED from src\main\AndroidManifest.xml:365:13-53
	android:process
		ADDED from src\main\AndroidManifest.xml:364:13-39
	android:name
		ADDED from src\main\AndroidManifest.xml:361:13-85
	android:launchMode
		ADDED from src\main\AndroidManifest.xml:363:13-44
meta-data#android.app.default_searchable
ADDED from src\main\AndroidManifest.xml:366:13-368:98
	android:name
		ADDED from src\main\AndroidManifest.xml:367:17-62
	android:value
		ADDED from src\main\AndroidManifest.xml:368:17-96
intent-filter#android.fbreader.action.LIBRARY+android.intent.category.DEFAULT
ADDED from src\main\AndroidManifest.xml:370:13-374:29
action#android.fbreader.action.LIBRARY
ADDED from src\main\AndroidManifest.xml:371:17-73
	android:name
		ADDED from src\main\AndroidManifest.xml:371:25-71
activity#org.geometerplus.android.fbreader.TOCActivity
ADDED from src\main\AndroidManifest.xml:376:9-379:55
	android:configChanges
		ADDED from src\main\AndroidManifest.xml:378:13-74
	android:theme
		ADDED from src\main\AndroidManifest.xml:379:13-53
	android:name
		ADDED from src\main\AndroidManifest.xml:377:13-73
activity#org.geometerplus.android.fbreader.preferences.PreferenceActivity
ADDED from src\main\AndroidManifest.xml:380:9-397:20
	android:configChanges
		ADDED from src\main\AndroidManifest.xml:382:13-74
	android:theme
		ADDED from src\main\AndroidManifest.xml:384:13-53
	android:process
		ADDED from src\main\AndroidManifest.xml:383:13-43
	android:name
		ADDED from src\main\AndroidManifest.xml:381:13-92
intent-filter#android.fbreader.action.PREFERENCES+android.intent.category.DEFAULT
ADDED from src\main\AndroidManifest.xml:392:13-396:29
action#android.fbreader.action.PREFERENCES
ADDED from src\main\AndroidManifest.xml:393:17-77
	android:name
		ADDED from src\main\AndroidManifest.xml:393:25-75
activity#org.geometerplus.android.fbreader.preferences.EditBookInfoActivity
ADDED from src\main\AndroidManifest.xml:398:9-402:55
	android:configChanges
		ADDED from src\main\AndroidManifest.xml:400:13-74
	android:theme
		ADDED from src\main\AndroidManifest.xml:402:13-53
	android:process
		ADDED from src\main\AndroidManifest.xml:401:13-39
	android:name
		ADDED from src\main\AndroidManifest.xml:399:13-94
activity#org.geometerplus.android.fbreader.sync.MissingBookActivity
ADDED from src\main\AndroidManifest.xml:403:9-407:53
	android:configChanges
		ADDED from src\main\AndroidManifest.xml:405:13-74
	android:theme
		ADDED from src\main\AndroidManifest.xml:407:13-51
	android:process
		ADDED from src\main\AndroidManifest.xml:406:13-46
	android:name
		ADDED from src\main\AndroidManifest.xml:404:13-86
activity#org.geometerplus.android.fbreader.network.BookDownloader
ADDED from src\main\AndroidManifest.xml:408:9-489:20
	android:theme
		ADDED from src\main\AndroidManifest.xml:411:13-59
	android:process
		ADDED from src\main\AndroidManifest.xml:410:13-46
	android:name
		ADDED from src\main\AndroidManifest.xml:409:13-84
service#org.geometerplus.android.fbreader.network.BookDownloaderService
ADDED from src\main\AndroidManifest.xml:491:9-495:48
	android:process
		ADDED from src\main\AndroidManifest.xml:495:13-46
	android:exported
		ADDED from src\main\AndroidManifest.xml:493:13-37
	android:name
		ADDED from src\main\AndroidManifest.xml:492:13-91
	android:launchMode
		ADDED from src\main\AndroidManifest.xml:494:13-44
activity#org.geometerplus.android.fbreader.network.NetworkSearchActivity
ADDED from src\main\AndroidManifest.xml:497:9-508:20
	android:theme
		ADDED from src\main\AndroidManifest.xml:500:13-59
	android:process
		ADDED from src\main\AndroidManifest.xml:499:13-46
	android:name
		ADDED from src\main\AndroidManifest.xml:498:13-91
activity#org.geometerplus.android.fbreader.network.auth.WebAuthorisationScreen
ADDED from src\main\AndroidManifest.xml:509:9-514:55
	android:configChanges
		ADDED from src\main\AndroidManifest.xml:511:13-74
	android:theme
		ADDED from src\main\AndroidManifest.xml:514:13-53
	android:process
		ADDED from src\main\AndroidManifest.xml:513:13-46
	android:exported
		ADDED from src\main\AndroidManifest.xml:512:13-37
	android:name
		ADDED from src\main\AndroidManifest.xml:510:13-97
activity#org.geometerplus.android.fbreader.network.NetworkLibraryPrimaryActivity
ADDED from src\main\AndroidManifest.xml:515:9-542:20
	android:configChanges
		ADDED from src\main\AndroidManifest.xml:517:13-74
	android:theme
		ADDED from src\main\AndroidManifest.xml:520:13-53
	android:process
		ADDED from src\main\AndroidManifest.xml:519:13-46
	android:name
		ADDED from src\main\AndroidManifest.xml:516:13-99
	android:launchMode
		ADDED from src\main\AndroidManifest.xml:518:13-44
intent-filter#android.fbreader.action.OPEN_NETWORK_CATALOG+android.intent.category.DEFAULT
ADDED from src\main\AndroidManifest.xml:525:13-536:29
action#android.fbreader.action.OPEN_NETWORK_CATALOG
ADDED from src\main\AndroidManifest.xml:526:17-86
	android:name
		ADDED from src\main\AndroidManifest.xml:526:25-84
intent-filter#android.fbreader.action.NETWORK_LIBRARY+android.intent.category.DEFAULT
ADDED from src\main\AndroidManifest.xml:537:13-541:29
action#android.fbreader.action.NETWORK_LIBRARY
ADDED from src\main\AndroidManifest.xml:538:17-81
	android:name
		ADDED from src\main\AndroidManifest.xml:538:25-79
activity#org.geometerplus.android.fbreader.network.NetworkLibrarySecondaryActivity
ADDED from src\main\AndroidManifest.xml:543:9-547:55
	android:configChanges
		ADDED from src\main\AndroidManifest.xml:545:13-74
	android:theme
		ADDED from src\main\AndroidManifest.xml:547:13-53
	android:process
		ADDED from src\main\AndroidManifest.xml:546:13-46
	android:name
		ADDED from src\main\AndroidManifest.xml:544:13-101
activity#org.geometerplus.android.fbreader.network.AuthenticationActivity
ADDED from src\main\AndroidManifest.xml:548:9-552:53
	android:configChanges
		ADDED from src\main\AndroidManifest.xml:550:13-74
	android:theme
		ADDED from src\main\AndroidManifest.xml:552:13-51
	android:process
		ADDED from src\main\AndroidManifest.xml:551:13-46
	android:name
		ADDED from src\main\AndroidManifest.xml:549:13-92
activity#org.geometerplus.android.fbreader.network.BuyBooksActivity
ADDED from src\main\AndroidManifest.xml:553:9-557:53
	android:configChanges
		ADDED from src\main\AndroidManifest.xml:555:13-74
	android:theme
		ADDED from src\main\AndroidManifest.xml:557:13-51
	android:process
		ADDED from src\main\AndroidManifest.xml:556:13-46
	android:name
		ADDED from src\main\AndroidManifest.xml:554:13-86
activity#org.geometerplus.android.fbreader.network.AddCatalogMenuActivity
ADDED from src\main\AndroidManifest.xml:558:9-562:53
	android:configChanges
		ADDED from src\main\AndroidManifest.xml:560:13-74
	android:theme
		ADDED from src\main\AndroidManifest.xml:562:13-51
	android:process
		ADDED from src\main\AndroidManifest.xml:561:13-46
	android:name
		ADDED from src\main\AndroidManifest.xml:559:13-92
activity#org.geometerplus.android.fbreader.network.AddCustomCatalogActivity
ADDED from src\main\AndroidManifest.xml:563:9-606:20
	android:configChanges
		ADDED from src\main\AndroidManifest.xml:565:13-74
	android:theme
		ADDED from src\main\AndroidManifest.xml:567:13-51
	android:process
		ADDED from src\main\AndroidManifest.xml:566:13-46
	android:name
		ADDED from src\main\AndroidManifest.xml:564:13-94
intent-filter#android.fbreader.action.ADD_OPDS_CATALOG+android.intent.category.DEFAULT
ADDED from src\main\AndroidManifest.xml:568:13-577:29
action#android.fbreader.action.ADD_OPDS_CATALOG
ADDED from src\main\AndroidManifest.xml:569:17-82
	android:name
		ADDED from src\main\AndroidManifest.xml:569:25-80
intent-filter#android.fbreader.action.ADD_OPDS_CATALOG_URL+android.intent.category.DEFAULT
ADDED from src\main\AndroidManifest.xml:588:13-596:29
action#android.fbreader.action.ADD_OPDS_CATALOG_URL
ADDED from src\main\AndroidManifest.xml:589:17-86
	android:name
		ADDED from src\main\AndroidManifest.xml:589:25-84
activity#org.geometerplus.android.fbreader.network.AuthorisationMenuActivity
ADDED from src\main\AndroidManifest.xml:607:9-611:53
	android:configChanges
		ADDED from src\main\AndroidManifest.xml:609:13-74
	android:theme
		ADDED from src\main\AndroidManifest.xml:611:13-51
	android:process
		ADDED from src\main\AndroidManifest.xml:610:13-46
	android:name
		ADDED from src\main\AndroidManifest.xml:608:13-95
activity#org.geometerplus.android.fbreader.network.litres.UserRegistrationActivity
ADDED from src\main\AndroidManifest.xml:612:9-616:53
	android:configChanges
		ADDED from src\main\AndroidManifest.xml:614:13-74
	android:theme
		ADDED from src\main\AndroidManifest.xml:616:13-51
	android:process
		ADDED from src\main\AndroidManifest.xml:615:13-46
	android:name
		ADDED from src\main\AndroidManifest.xml:613:13-101
activity#org.geometerplus.android.fbreader.network.litres.AutoRegistrationActivity
ADDED from src\main\AndroidManifest.xml:617:9-621:53
	android:configChanges
		ADDED from src\main\AndroidManifest.xml:619:13-74
	android:theme
		ADDED from src\main\AndroidManifest.xml:621:13-51
	android:process
		ADDED from src\main\AndroidManifest.xml:620:13-46
	android:name
		ADDED from src\main\AndroidManifest.xml:618:13-101
activity#org.geometerplus.android.fbreader.network.TopupMenuActivity
ADDED from src\main\AndroidManifest.xml:622:9-626:53
	android:configChanges
		ADDED from src\main\AndroidManifest.xml:624:13-74
	android:theme
		ADDED from src\main\AndroidManifest.xml:626:13-51
	android:process
		ADDED from src\main\AndroidManifest.xml:625:13-46
	android:name
		ADDED from src\main\AndroidManifest.xml:623:13-87
activity#org.geometerplus.android.fbreader.network.NetworkBookInfoActivity
ADDED from src\main\AndroidManifest.xml:627:9-641:20
	android:configChanges
		ADDED from src\main\AndroidManifest.xml:629:13-74
	android:theme
		ADDED from src\main\AndroidManifest.xml:631:13-53
	android:process
		ADDED from src\main\AndroidManifest.xml:630:13-46
	android:name
		ADDED from src\main\AndroidManifest.xml:628:13-93
activity#org.geometerplus.android.fbreader.network.CatalogManagerActivity
ADDED from src\main\AndroidManifest.xml:642:9-645:55
	android:theme
		ADDED from src\main\AndroidManifest.xml:645:13-53
	android:process
		ADDED from src\main\AndroidManifest.xml:644:13-46
	android:name
		ADDED from src\main\AndroidManifest.xml:643:13-92
receiver#org.geometerplus.android.fbreader.network.ListenerCallback
ADDED from src\main\AndroidManifest.xml:647:9-655:20
	android:process
		ADDED from src\main\AndroidManifest.xml:649:13-46
	android:name
		ADDED from src\main\AndroidManifest.xml:648:13-86
intent-filter#android.fbreader.action.network.SIGNIN+android.intent.category.DEFAULT
ADDED from src\main\AndroidManifest.xml:650:13-654:29
action#android.fbreader.action.network.SIGNIN
ADDED from src\main\AndroidManifest.xml:651:17-80
	android:name
		ADDED from src\main\AndroidManifest.xml:651:25-78
activity#org.geometerplus.android.fbreader.tips.TipsActivity
ADDED from src\main\AndroidManifest.xml:657:9-660:53
	android:configChanges
		ADDED from src\main\AndroidManifest.xml:659:13-74
	android:theme
		ADDED from src\main\AndroidManifest.xml:660:13-51
	android:name
		ADDED from src\main\AndroidManifest.xml:658:13-79
activity#com.paragon.dictionary.fbreader.OpenDictionaryActivity
ADDED from src\main\AndroidManifest.xml:661:9-664:58
	android:configChanges
		ADDED from src\main\AndroidManifest.xml:663:13-74
	android:theme